0 info it worked if it ends with ok
1 verbose cli [ '/usr/local/Cellar/node/10.10.0/bin/node',
1 verbose cli   '/usr/local/bin/npm',
1 verbose cli   'test',
1 verbose cli   '--no-cache' ]
2 info using npm@6.4.1
3 info using node@v10.10.0
4 verbose stack Error: ENOENT: no such file or directory, open '/Users/coralieverrier/Desktop/cours POLY/LOG3430/TP1/Projet-TP1/package.json'
5 verbose cwd /Users/coralieverrier/Desktop/cours POLY/LOG3430/TP1/Projet-TP1
6 verbose Darwin 16.7.0
7 verbose argv "/usr/local/Cellar/node/10.10.0/bin/node" "/usr/local/bin/npm" "test" "--no-cache"
8 verbose node v10.10.0
9 verbose npm  v6.4.1
10 error path /Users/coralieverrier/Desktop/cours POLY/LOG3430/TP1/Projet-TP1/package.json
11 error code ENOENT
12 error errno -2
13 error syscall open
14 error enoent ENOENT: no such file or directory, open '/Users/coralieverrier/Desktop/cours POLY/LOG3430/TP1/Projet-TP1/package.json'
15 error enoent This is related to npm not being able to find a file.
16 verbose exit [ -2, true ]
